Arguments: 
  D:\MySoftware\nodejs\node.exe C:\Users\66413\.node\corepack\yarn\1.22.15\bin\yarn.js install

PATH: 
  D:\MySoftware\Gurobi95\win64\bin;D:\MySoftware\Gurobi\win64\bin;C:\Python310\Scripts\;C:\Python310\;C:\Windows\system32;C:\Windows;C:\Windows\System32\Wbem;C:\Windows\System32\WindowsPowerShell\v1.0\;C:\Windows\System32\OpenSSH\;C:\ProgramData\chocolatey\bin;C:\Program Files\dotnet\;D:\MySoftware\Xshell7\;D:\MySoftware\Xftp7\;D:\MySoftware\Git\cmd;D:\MySoftware\apache-maven-3.6.3\bin;C:\Program Files\Java\jdk1.8.0_333\bin;C:\Program Files\Java\jdk1.8.0_333\jre\bin;D:\MySoftware\nodejs\;D:\MySoftware\apache-ant-1.10.12\bin;C:\Program Files\MySQL\MySQL Server 8.0\bin;C:\Program Files (x86)\Common Files\Oracle\Java\javapath;C:\Program Files\MySQL\MySQL Shell 8.0\bin\;C:\Users\66413\AppData\Local\Microsoft\WindowsApps;C:\Users\66413\AppData\Local\GitHubDesktop\bin;D:\MySoftware\Microsoft VS Code\bin;C:\Users\66413\.dotnet\tools;D:\MySoftware\texlive\2022\bin\win32;C:\Users\66413\AppData\Roaming\npm;;D:\MyFile\WebstormProjects\lb-frontend-web\node_modules\.bin

Yarn version: 
  1.22.15

Node version: 
  16.16.0

Platform: 
  win32 x64

Trace: 
  Error: getaddrinfo ENOENT raw.githubusercontent.com
      at GetAddrInfoReqWrap.onlookup [as oncomplete] (node:dns:71:26)

npm manifest: 
  {
    "name": "lb-frontend-admin-web",
    "version": "1.0.0",
    "description": "A magical vue admin. An out-of-box UI solution for enterprise applications. Newest development stack of vue. Lots of awesome features",
    "author": "Pan <panfree23@gmail.com>",
    "scripts": {
      "dev": "vue-cli-service serve",
      "lint": "eslint --ext .js,.vue src",
      "build:dev": "vue-cli-service build --mode dev",
      "build:prod": "vue-cli-service build",
      "build:stage": "vue-cli-service build --mode staging",
      "preview": "node build/index.js --preview",
      "new": "plop",
      "svgo": "svgo -f src/icons/svg --config=src/icons/svgo.yml",
      "test:unit": "jest --clearCache && vue-cli-service test:unit",
      "test:ci": "npm run lint && npm run test:unit"
    },
    "dependencies": {
      "axios": "^0.27.2",
      "codemirror": "^5.65.7",
      "core-js": "3.6.5",
      "driver.js": "0.9.5",
      "dropzone": "5.5.1",
      "echarts": "^5.3.3",
      "element-ui": "2.15.7",
      "file-saver": "2.0.1",
      "fuse.js": "3.4.4",
      "js-cookie": "2.2.0",
      "jsonlint": "1.6.3",
      "jszip": "^3.10.1",
      "normalize.css": "7.0.0",
      "nprogress": "0.2.0",
      "path-to-regexp": "2.4.0",
      "screenfull": "4.2.0",
      "script-loader": "0.7.2",
      "sortablejs": "1.8.4",
      "tui-editor": "1.3.3",
      "vue": "2.6.10",
      "vue-count-to": "1.0.13",
      "vue-pdf": "^4.3.0",
      "vue-router": "3.0.2",
      "vue-splitpane": "1.0.4",
      "vuedraggable": "2.20.0",
      "vuex": "3.1.0",
      "vxe-table": "^3.5.9",
      "xe-utils": "^3.5.6",
      "xlsx": "^0.18.5"
    },
    "devDependencies": {
      "@vue/cli-plugin-babel": "4.4.4",
      "@vue/cli-plugin-eslint": "4.4.4",
      "@vue/cli-plugin-unit-jest": "4.4.4",
      "@vue/cli-service": "4.4.4",
      "@vue/test-utils": "1.0.0-beta.29",
      "autoprefixer": "9.5.1",
      "babel-eslint": "10.1.0",
      "babel-jest": "23.6.0",
      "babel-plugin-dynamic-import-node": "2.3.3",
      "chalk": "2.4.2",
      "chokidar": "^3.5.3",
      "compression-webpack-plugin": "^1.1.12",
      "connect": "3.6.6",
      "eslint": "6.7.2",
      "eslint-plugin-vue": "6.2.2",
      "html-webpack-plugin": "3.2.0",
      "husky": "1.3.1",
      "lint-staged": "8.1.5",
      "plop": "^2.7.6",
      "runjs": "^4.1.3",
      "sass": "^1.34.0",
      "sass-loader": "^8.0.2",
      "script-ext-html-webpack-plugin": "2.1.3",
      "serve-static": "1.13.2",
      "svg-sprite-loader": "^3.9.2",
      "svgo": "^2.8.0",
      "vue-template-compiler": "2.6.10"
    },
    "browserslist": [
      "> 1%",
      "last 2 versions"
    ],
    "bugs": {
      "url": "https://github.com/PanJiaChen/vue-element-admin/issues"
    },
    "engines": {
      "node": ">=8.9",
      "npm": ">= 3.0.0"
    },
    "keywords": [
      "vue",
      "admin",
      "dashboard",
      "element-ui",
      "boilerplate",
      "admin-template",
      "management-system"
    ],
    "license": "MIT",
    "lint-staged": {
      "src/**/*.{js,vue}": [
        "eslint --fix",
        "git add"
      ]
    },
    "husky": {
      "hooks": {
        "pre-commit": "lint-staged"
      }
    },
    "repository": {
      "type": "git",
      "url": "git+https://github.com/PanJiaChen/vue-element-admin.git"
    }
  }

yarn manifest: 
  No manifest

Lockfile: 
  No lockfile
